0 info it worked if it ends with ok
1 verbose cli [ 'C:\\Program Files\\nodejs\\node.exe',
1 verbose cli   'C:\\Program Files\\nodejs\\node_modules\\npm\\bin\\npm-cli.js',
1 verbose cli   'start' ]
2 info using npm@3.10.10
3 info using node@v6.10.0
4 verbose run-script [ 'prestart', 'start', 'poststart' ]
5 info lifecycle utalent-app@0.0.0~prestart: utalent-app@0.0.0
6 silly lifecycle utalent-app@0.0.0~prestart: no script for prestart, continuing
7 info lifecycle utalent-app@0.0.0~start: utalent-app@0.0.0
8 verbose lifecycle utalent-app@0.0.0~start: unsafe-perm in lifecycle true
9 verbose lifecycle utalent-app@0.0.0~start: PATH: C:\Program Files\nodejs\node_modules\npm\bin\node-gyp-bin;C:\Users\Dua'a\Desktop\Utalent-app\node_modules\.bin;C:\Users\Dua'a\download prog\cmder\bin;C:\Users\Dua'a\download prog\cmder\vendor\conemu-maximus5\ConEmu\Scripts;C:\Users\Dua'a\download prog\cmder\vendor\conemu-maximus5;C:\Users\Dua'a\download prog\cmder\vendor\conemu-maximus5\ConEmu;C:\Windows\system32;C:\Windows;C:\Windows\System32\Wbem;C:\Windows\System32\WindowsPowerShell\v1.0\;C:\Program Files\nodejs\;C:\Program Files\Git\cmd;C:\Program Files\MongoDB\Server\3.2\bin;C:\Users\Dua'a\AppData\Local\Microsoft\WindowsApps;C:\Users\Dua'a\AppData\Roaming\npm;C:\Program Files\Git\usr\bin;C:\Program Files\Git\usr\share\vim\vim74;C:\Users\Dua'a\download prog\cmder\
10 verbose lifecycle utalent-app@0.0.0~start: CWD: C:\Users\Dua'a\Desktop\Utalent-app
11 silly lifecycle utalent-app@0.0.0~start: Args: [ '/d /s /c', 'ng build -op dist -w' ]
12 silly lifecycle utalent-app@0.0.0~start: Returned: code: 3221225786  signal: null
13 info lifecycle utalent-app@0.0.0~start: Failed to exec start script
14 verbose stack Error: utalent-app@0.0.0 start: `ng build -op dist -w`
14 verbose stack Exit status 3221225786
14 verbose stack     at EventEmitter.<anonymous> (C:\Program Files\nodejs\node_modules\npm\lib\utils\lifecycle.js:255:16)
14 verbose stack     at emitTwo (events.js:106:13)
14 verbose stack     at EventEmitter.emit (events.js:191:7)
14 verbose stack     at ChildProcess.<anonymous> (C:\Program Files\nodejs\node_modules\npm\lib\utils\spawn.js:40:14)
14 verbose stack     at emitTwo (events.js:106:13)
14 verbose stack     at ChildProcess.emit (events.js:191:7)
14 verbose stack     at maybeClose (internal/child_process.js:877:16)
14 verbose stack     at Process.ChildProcess._handle.onexit (internal/child_process.js:226:5)
15 verbose pkgid utalent-app@0.0.0
16 verbose cwd C:\Users\Dua'a\Desktop\Utalent-app
17 error Windows_NT 10.0.14393
18 error argv "C:\\Program Files\\nodejs\\node.exe" "C:\\Program Files\\nodejs\\node_modules\\npm\\bin\\npm-cli.js" "start"
19 error node v6.10.0
20 error npm  v3.10.10
21 error code ELIFECYCLE
22 error utalent-app@0.0.0 start: `ng build -op dist -w`
22 error Exit status 3221225786
23 error Failed at the utalent-app@0.0.0 start script 'ng build -op dist -w'.
23 error Make sure you have the latest version of node.js and npm installed.
23 error If you do, this is most likely a problem with the utalent-app package,
23 error not with npm itself.
23 error Tell the author that this fails on your system:
23 error     ng build -op dist -w
23 error You can get information on how to open an issue for this project with:
23 error     npm bugs utalent-app
23 error Or if that isn't available, you can get their info via:
23 error     npm owner ls utalent-app
23 error There is likely additional logging output above.
24 verbose exit [ 1, true ]
